{
  "RSpec": {
    "coverage": {
      "/Users/bg/turing/4mod/challenge/tea_subscriptions/config/environment.rb": {
        "lines": [
          null,
          1,
          null,
          null,
          1
        ]
      },
      "/Users/bg/turing/4mod/challenge/tea_subscriptions/config/application.rb": {
        "lines": [
          1,
          null,
          1,
          null,
          1,
          1,
          1,
          1,
          1,
          1,
          1,
          1,
          1,
          1,
          null,
          null,
          null,
          null,
          1,
          null,
          1,
          1,
          null,
          1,
          null,
          null,
          null,
          null,
          null,
          null,
          null,
          null,
          null,
          null,
          null,
          null,
          1,
          null,
          null
        ]
      },
      "/Users/bg/turing/4mod/challenge/tea_subscriptions/config/boot.rb": {
        "lines": [
          1,
          null,
          1,
          1
        ]
      },
      "/Users/bg/turing/4mod/challenge/tea_subscriptions/config/environments/test.rb": {
        "lines": [
          1,
          null,
          null,
          null,
          null,
          null,
          null,
          1,
          null,
          null,
          null,
          1,
          null,
          null,
          null,
          null,
          1,
          null,
          null,
          1,
          1,
          null,
          null,
          null,
          null,
          1,
          1,
          1,
          null,
          null,
          1,
          null,
          null,
          1,
          null,
          null,
          1,
          null,
          1,
          null,
          null,
          null,
          null,
          1,
          null,
          null,
          1,
          null,
          null,
          1,
          null,
          null,
          1,
          null,
          null,
          null,
          null,
          null,
          null,
          null
        ]
      },
      "/Users/bg/turing/4mod/challenge/tea_subscriptions/config/initializers/cors.rb": {
        "lines": [
          null,
          null,
          null,
          null,
          null,
          null,
          null,
          null,
          null,
          null,
          null,
          null,
          null,
          null,
          null,
          null
        ]
      },
      "/Users/bg/turing/4mod/challenge/tea_subscriptions/config/initializers/filter_parameter_logging.rb": {
        "lines": [
          null,
          null,
          null,
          null,
          null,
          1,
          null,
          null
        ]
      },
      "/Users/bg/turing/4mod/challenge/tea_subscriptions/config/initializers/inflections.rb": {
        "lines": [
          null,
          null,
          null,
          null,
          null,
          null,
          null,
          null,
          null,
          null,
          null,
          null,
          null,
          null,
          null,
          null
        ]
      },
      "/Users/bg/turing/4mod/challenge/tea_subscriptions/spec/factories/customers.rb": {
        "lines": [
          1,
          1,
          6,
          6,
          6,
          6,
          null,
          null
        ]
      },
      "/Users/bg/turing/4mod/challenge/tea_subscriptions/spec/factories/subscriptions.rb": {
        "lines": [
          1,
          1,
          1,
          4,
          4,
          4,
          4,
          null,
          null
        ]
      },
      "/Users/bg/turing/4mod/challenge/tea_subscriptions/spec/factories/teas.rb": {
        "lines": [
          1,
          1,
          1,
          1,
          1,
          1,
          null,
          null
        ]
      },
      "/Users/bg/turing/4mod/challenge/tea_subscriptions/config/routes.rb": {
        "lines": [
          1,
          null,
          1,
          1,
          1,
          1,
          null,
          null,
          null,
          null,
          null,
          null
        ]
      },
      "/Users/bg/turing/4mod/challenge/tea_subscriptions/app/models/customer.rb": {
        "lines": [
          1,
          1,
          1,
          null,
          1,
          null
        ]
      },
      "/Users/bg/turing/4mod/challenge/tea_subscriptions/app/models/application_record.rb": {
        "lines": [
          1,
          1,
          null
        ]
      },
      "/Users/bg/turing/4mod/challenge/tea_subscriptions/spec/models/subscription_spec.rb": {
        "lines": [
          1,
          null,
          1,
          1,
          2,
          2,
          null,
          null
        ]
      },
      "/Users/bg/turing/4mod/challenge/tea_subscriptions/app/models/subscription.rb": {
        "lines": [
          1,
          1,
          1,
          null,
          1,
          1,
          null
        ]
      },
      "/Users/bg/turing/4mod/challenge/tea_subscriptions/spec/models/tea_spec.rb": {
        "lines": [
          1,
          null,
          1,
          1,
          2,
          null,
          null
        ]
      },
      "/Users/bg/turing/4mod/challenge/tea_subscriptions/app/models/tea.rb": {
        "lines": [
          1,
          1,
          null
        ]
      },
      "/Users/bg/turing/4mod/challenge/tea_subscriptions/spec/requests/api/v1/customer_subscription_spec.rb": {
        "lines": [
          1,
          null,
          1,
          1,
          1,
          1,
          1,
          null,
          1,
          null,
          1,
          1,
          null,
          1,
          1,
          1,
          1,
          1,
          1,
          null,
          null,
          1,
          1,
          1,
          null,
          1,
          null,
          1,
          1,
          null,
          null,
          1,
          1,
          1,
          1,
          null,
          1,
          1,
          1,
          null,
          null,
          1,
          1,
          1,
          1,
          1,
          null,
          1,
          1,
          1,
          1,
          null,
          null,
          1,
          1,
          1,
          1,
          1,
          null,
          1,
          null,
          1,
          null,
          1,
          null,
          1,
          null,
          1,
          null,
          1,
          1,
          1,
          1,
          1,
          null,
          null,
          null,
          null
        ]
      },
      "/Users/bg/turing/4mod/challenge/tea_subscriptions/app/controllers/Api/V1/subscriptions_controller.rb": {
        "lines": [
          1,
          null,
          1,
          4,
          4,
          3,
          null,
          1,
          null,
          null,
          null,
          1,
          1,
          1,
          null,
          null,
          1,
          1,
          1,
          null,
          null,
          1,
          1,
          1,
          null,
          1,
          null,
          null,
          1,
          null,
          1,
          4,
          null,
          null
        ]
      },
      "/Users/bg/turing/4mod/challenge/tea_subscriptions/app/controllers/application_controller.rb": {
        "lines": [
          1,
          null
        ]
      },
      "/Users/bg/turing/4mod/challenge/tea_subscriptions/app/serializers/modify_serializer.rb": {
        "lines": [
          1,
          1,
          null,
          null,
          null
        ]
      },
      "/Users/bg/turing/4mod/challenge/tea_subscriptions/app/serializers/subscription_serializer.rb": {
        "lines": [
          1,
          1,
          1,
          null
        ]
      }
    },
    "timestamp": 1694810635
  }
}
